
1) Show Gondola System
2) Add Car
3) Update with Debug Info
4) Set Station People
5) Show Station Details
0) Quit

Choice:> Start
    Getting on:>     Getting off:> Station A
    Getting on:>     Getting off:> Station B
    Getting on:>     Getting off:> End
    Getting on:>     Getting off:> 
1) Show Gondola System
2) Add Car
3) Update with Debug Info
4) Set Station People
5) Show Station Details
0) Quit

Choice:> --------Start     
    People getting on/off: 2/4
    Delayed on...
      Left Side: 
      Right Side: 

--------Station A 
    People getting on/off: 12/3
    Delayed on...
      Left Side: 
      Right Side: 

--------Station B 
    People getting on/off: 7/2
    Delayed on...
      Left Side: 
      Right Side: 

--------End       
    People getting on/off: 2/9
    Delayed on...
      Left Side: 
      Right Side: 


1) Show Gondola System
2) Add Car
3) Update with Debug Info
4) Set Station People
5) Show Station Details
0) Quit

Choice:> Which type: 0-->Short, 1-->Long, 2-->Adapting:> 
1) Show Gondola System
2) Add Car
3) Update with Debug Info
4) Set Station People
5) Show Station Details
0) Quit

Choice:> Which type: 0-->Short, 1-->Long, 2-->Adapting:> 
1) Show Gondola System
2) Add Car
3) Update with Debug Info
4) Set Station People
5) Show Station Details
0) Quit

Choice:> Which type: 0-->Short, 1-->Long, 2-->Adapting:> 
1) Show Gondola System
2) Add Car
3) Update with Debug Info
4) Set Station People
5) Show Station Details
0) Quit

Choice:> --------Start     Right: [ ID:5   1.0min 2/20 ](2)   
    People getting on/off: 2/4
    Delayed on...
      Left Side: [ ID:6   0.0 ] [ ID:7   0.0 ] 
      Right Side: 

--------Station A 
    People getting on/off: 12/3
    Delayed on...
      Left Side: 
      Right Side: 

--------Station B 
    People getting on/off: 7/2
    Delayed on...
      Left Side: 
      Right Side: 

--------End       
    People getting on/off: 2/9
    Delayed on...
      Left Side: 
      Right Side: 


1) Show Gondola System
2) Add Car
3) Update with Debug Info
4) Set Station People
5) Show Station Details
0) Quit

Choice:> Time: 0.5 min
--------Start     Right: [ ID:5   0.5min 2/20 ](2)   
    Traveling Left: 
    Traveling Right: 
--------Station A 
    Traveling Left: 
    Traveling Right: 
--------Station B 
    Traveling Left: 
    Traveling Right: 
--------End       


1) Show Gondola System
2) Add Car
3) Update with Debug Info
4) Set Station People
5) Show Station Details
0) Quit

Choice:> Time: 1.0 min
--------Start     Right: [ ID:6   2.0min 2/20 ](1)   
    Traveling Left: 
    Traveling Right: [ ID:5   0.1 ]
--------Station A 
    Traveling Left: 
    Traveling Right: 
--------Station B 
    Traveling Left: 
    Traveling Right: 
--------End       


1) Show Gondola System
2) Add Car
3) Update with Debug Info
4) Set Station People
5) Show Station Details
0) Quit

Choice:> Time: 1.5 min
--------Start     Right: [ ID:6   1.5min 2/20 ](1)   
    Traveling Left: 
    Traveling Right: [ ID:5   0.2 ]
--------Station A 
    Traveling Left: 
    Traveling Right: 
--------Station B 
    Traveling Left: 
    Traveling Right: 
--------End       


1) Show Gondola System
2) Add Car
3) Update with Debug Info
4) Set Station People
5) Show Station Details
0) Quit

Choice:> Time: 2.0 min
--------Start     Right: [ ID:6   1.0min 2/20 ](1)   
    Traveling Left: 
    Traveling Right: 
--------Station A Right: [ ID:5   1.0min 12/20 ](0)   
    Traveling Left: 
    Traveling Right: 
--------Station B 
    Traveling Left: 
    Traveling Right: 
--------End       


1) Show Gondola System
2) Add Car
3) Update with Debug Info
4) Set Station People
5) Show Station Details
0) Quit

Choice:> --------Start     Right: [ ID:6   1.0min 2/20 ](1)   
    People getting on/off: 2/4
    Delayed on...
      Left Side: [ ID:7   0.0 ] 
      Right Side: 

--------Station A Right: [ ID:5   1.0min 12/20 ](0)   
    People getting on/off: 12/3
    Delayed on...
      Left Side: 
      Right Side: 

--------Station B 
    People getting on/off: 7/2
    Delayed on...
      Left Side: 
      Right Side: 

--------End       
    People getting on/off: 2/9
    Delayed on...
      Left Side: 
      Right Side: 


1) Show Gondola System
2) Add Car
3) Update with Debug Info
4) Set Station People
5) Show Station Details
0) Quit

Choice:> Time: 2.5 min
--------Start     Right: [ ID:6   0.5min 2/20 ](1)   
    Traveling Left: 
    Traveling Right: 
--------Station A Right: [ ID:5   0.5min 12/20 ](0)   
    Traveling Left: 
    Traveling Right: 
--------Station B 
    Traveling Left: 
    Traveling Right: 
--------End       


1) Show Gondola System
2) Add Car
3) Update with Debug Info
4) Set Station People
5) Show Station Details
0) Quit

Choice:> Time: 3.0 min
--------Start     Right: [ ID:7   1.0min 2/20 ](0)   
    Traveling Left: 
    Traveling Right: [ ID:6   0.1 ]
--------Station A 
    Traveling Left: 
    Traveling Right: [ ID:5   0.1 ]
--------Station B 
    Traveling Left: 
    Traveling Right: 
--------End       


1) Show Gondola System
2) Add Car
3) Update with Debug Info
4) Set Station People
5) Show Station Details
0) Quit

Choice:> Which type: 0-->Short, 1-->Long, 2-->Adapting:> 
1) Show Gondola System
2) Add Car
3) Update with Debug Info
4) Set Station People
5) Show Station Details
0) Quit

Choice:> Which type: 0-->Short, 1-->Long, 2-->Adapting:> 
1) Show Gondola System
2) Add Car
3) Update with Debug Info
4) Set Station People
5) Show Station Details
0) Quit

Choice:> Which type: 0-->Short, 1-->Long, 2-->Adapting:> 
1) Show Gondola System
2) Add Car
3) Update with Debug Info
4) Set Station People
5) Show Station Details
0) Quit

Choice:> --------Start     Right: [ ID:7   1.0min 2/20 ](3)   
    People getting on/off: 2/4
    Delayed on...
      Left Side: [ ID:8   0.0 ] [ ID:9   0.0 ] [ ID:10  0.0 ] 
      Right Side: 

--------Station A 
    People getting on/off: 12/3
    Delayed on...
      Left Side: 
      Right Side: 

--------Station B 
    People getting on/off: 7/2
    Delayed on...
      Left Side: 
      Right Side: 

--------End       
    People getting on/off: 2/9
    Delayed on...
      Left Side: 
      Right Side: 


1) Show Gondola System
2) Add Car
3) Update with Debug Info
4) Set Station People
5) Show Station Details
0) Quit

Choice:> Time: 3.5 min
--------Start     Right: [ ID:7   0.5min 2/20 ](3)   
    Traveling Left: 
    Traveling Right: [ ID:6   0.2 ]
--------Station A 
    Traveling Left: 
    Traveling Right: [ ID:5   0.2 ]
--------Station B 
    Traveling Left: 
    Traveling Right: 
--------End       


1) Show Gondola System
2) Add Car
3) Update with Debug Info
4) Set Station People
5) Show Station Details
0) Quit

Choice:> Time: 4.0 min
--------Start     Right: [ ID:8   1.0min 2/20 ](2)   
    Traveling Left: 
    Traveling Right: [ ID:7   0.1 ]
--------Station A Right: [ ID:6   2.0min 12/20 ](0)   
    Traveling Left: 
    Traveling Right: 
--------Station B Right: [ ID:5   1.0min 17/20 ](0)   
    Traveling Left: 
    Traveling Right: 
--------End       


1) Show Gondola System
2) Add Car
3) Update with Debug Info
4) Set Station People
5) Show Station Details
0) Quit

Choice:> Time: 4.5 min
--------Start     Right: [ ID:8   0.5min 2/20 ](2)   
    Traveling Left: 
    Traveling Right: [ ID:7   0.2 ]
--------Station A Right: [ ID:6   1.5min 12/20 ](0)   
    Traveling Left: 
    Traveling Right: 
--------Station B Right: [ ID:5   0.5min 17/20 ](0)   
    Traveling Left: 
    Traveling Right: 
--------End       


1) Show Gondola System
2) Add Car
3) Update with Debug Info
4) Set Station People
5) Show Station Details
0) Quit

Choice:> Time: 5.0 min
--------Start     Right: [ ID:9   2.0min 2/20 ](1)   
    Traveling Left: 
    Traveling Right: [ ID:8   0.1 ]
--------Station A Right: [ ID:6   1.0min 12/20 ](1)   
    Traveling Left: 
    Traveling Right: 
--------Station B 
    Traveling Left: 
    Traveling Right: [ ID:5   0.1 ]
--------End       


1) Show Gondola System
2) Add Car
3) Update with Debug Info
4) Set Station People
5) Show Station Details
0) Quit

Choice:> --------Start     Right: [ ID:9   2.0min 2/20 ](1)   
    People getting on/off: 2/4
    Delayed on...
      Left Side: [ ID:10  0.0 ] 
      Right Side: 

--------Station A Right: [ ID:6   1.0min 12/20 ](1)   
    People getting on/off: 12/3
    Delayed on...
      Left Side: [ ID:7   0.0 ] 
      Right Side: 

--------Station B 
    People getting on/off: 7/2
    Delayed on...
      Left Side: 
      Right Side: 

--------End       
    People getting on/off: 2/9
    Delayed on...
      Left Side: 
      Right Side: 


1) Show Gondola System
2) Add Car
3) Update with Debug Info
4) Set Station People
5) Show Station Details
0) Quit

Choice:> Time: 5.5 min
--------Start     Right: [ ID:9   1.5min 2/20 ](1)   
    Traveling Left: 
    Traveling Right: [ ID:8   0.2 ]
--------Station A Right: [ ID:6   0.5min 12/20 ](1)   
    Traveling Left: 
    Traveling Right: 
--------Station B 
    Traveling Left: 
    Traveling Right: [ ID:5   0.2 ]
--------End       


1) Show Gondola System
2) Add Car
3) Update with Debug Info
4) Set Station People
5) Show Station Details
0) Quit

Choice:> Time: 6.0 min
--------Start     Right: [ ID:9   1.0min 2/20 ](1)   
    Traveling Left: 
    Traveling Right: 
--------Station A Right: [ ID:7   2.0min 12/20 ](1)   
    Traveling Left: 
    Traveling Right: [ ID:6   0.1 ]
--------Station B 
    Traveling Left: 
    Traveling Right: 
--------End       Right: [ ID:5   1.0min 10/20 ](0)   


1) Show Gondola System
2) Add Car
3) Update with Debug Info
4) Set Station People
5) Show Station Details
0) Quit

Choice:> --------Start     Right: [ ID:9   1.0min 2/20 ](1)   
    People getting on/off: 2/4
    Delayed on...
      Left Side: [ ID:10  0.0 ] 
      Right Side: 

--------Station A Right: [ ID:7   2.0min 12/20 ](1)   
    People getting on/off: 12/3
    Delayed on...
      Left Side: [ ID:8   0.0 ] 
      Right Side: 

--------Station B 
    People getting on/off: 7/2
    Delayed on...
      Left Side: 
      Right Side: 

--------End       Right: [ ID:5   1.0min 10/20 ](0)   
    People getting on/off: 2/9
    Delayed on...
      Left Side: 
      Right Side: 


1) Show Gondola System
2) Add Car
3) Update with Debug Info
4) Set Station People
5) Show Station Details
0) Quit

Choice:> 