
1) Show Gondola System
2) Add Car
3) Update with Debug Info
4) Set Station People
5) Show Station Details
0) Quit

Choice:> --------Start     
    People getting on/off: 0/0
    Delayed on...
      Left Side: 
      Right Side: 

--------Station A 
    People getting on/off: 0/0
    Delayed on...
      Left Side: 
      Right Side: 

--------Station B 
    People getting on/off: 0/0
    Delayed on...
      Left Side: 
      Right Side: 

--------End       
    People getting on/off: 0/0
    Delayed on...
      Left Side: 
      Right Side: 


1) Show Gondola System
2) Add Car
3) Update with Debug Info
4) Set Station People
5) Show Station Details
0) Quit

Choice:> Start
    Getting on:>     Getting off:> Station A
    Getting on:>     Getting off:> Station B
    Getting on:>     Getting off:> End
    Getting on:>     Getting off:> 
1) Show Gondola System
2) Add Car
3) Update with Debug Info
4) Set Station People
5) Show Station Details
0) Quit

Choice:> --------Start     
    People getting on/off: 0/4
    Delayed on...
      Left Side: 
      Right Side: 

--------Station A 
    People getting on/off: 5/3
    Delayed on...
      Left Side: 
      Right Side: 

--------Station B 
    People getting on/off: 7/2
    Delayed on...
      Left Side: 
      Right Side: 

--------End       
    People getting on/off: 20/8
    Delayed on...
      Left Side: 
      Right Side: 


1) Show Gondola System
2) Add Car
3) Update with Debug Info
4) Set Station People
5) Show Station Details
0) Quit

Choice:> Which type: 0-->Short, 1-->Long, 2-->Adapting:> 
1) Show Gondola System
2) Add Car
3) Update with Debug Info
4) Set Station People
5) Show Station Details
0) Quit

Choice:> Time: 0.5 min
--------Start     Right: [ ID:4   0.5min 0/20 ](0)   
    Traveling Left: 
    Traveling Right: 
--------Station A 
    Traveling Left: 
    Traveling Right: 
--------Station B 
    Traveling Left: 
    Traveling Right: 
--------End       


1) Show Gondola System
2) Add Car
3) Update with Debug Info
4) Set Station People
5) Show Station Details
0) Quit

Choice:> Time: 1.0 min
--------Start     
    Traveling Left: 
    Traveling Right: [ ID:4   0.1 ]
--------Station A 
    Traveling Left: 
    Traveling Right: 
--------Station B 
    Traveling Left: 
    Traveling Right: 
--------End       


1) Show Gondola System
2) Add Car
3) Update with Debug Info
4) Set Station People
5) Show Station Details
0) Quit

Choice:> --------Start     
    People getting on/off: 0/4
    Delayed on...
      Left Side: 
      Right Side: 

--------Station A 
    People getting on/off: 5/3
    Delayed on...
      Left Side: 
      Right Side: 

--------Station B 
    People getting on/off: 7/2
    Delayed on...
      Left Side: 
      Right Side: 

--------End       
    People getting on/off: 20/8
    Delayed on...
      Left Side: 
      Right Side: 


1) Show Gondola System
2) Add Car
3) Update with Debug Info
4) Set Station People
5) Show Station Details
0) Quit

Choice:> Time: 1.5 min
--------Start     
    Traveling Left: 
    Traveling Right: [ ID:4   0.2 ]
--------Station A 
    Traveling Left: 
    Traveling Right: 
--------Station B 
    Traveling Left: 
    Traveling Right: 
--------End       


1) Show Gondola System
2) Add Car
3) Update with Debug Info
4) Set Station People
5) Show Station Details
0) Quit

Choice:> Time: 2.0 min
--------Start     
    Traveling Left: 
    Traveling Right: 
--------Station A Right: [ ID:4   1.0min 5/20 ](0)   
    Traveling Left: 
    Traveling Right: 
--------Station B 
    Traveling Left: 
    Traveling Right: 
--------End       


1) Show Gondola System
2) Add Car
3) Update with Debug Info
4) Set Station People
5) Show Station Details
0) Quit

Choice:> --------Start     
    People getting on/off: 0/4
    Delayed on...
      Left Side: 
      Right Side: 

--------Station A Right: [ ID:4   1.0min 5/20 ](0)   
    People getting on/off: 5/3
    Delayed on...
      Left Side: 
      Right Side: 

--------Station B 
    People getting on/off: 7/2
    Delayed on...
      Left Side: 
      Right Side: 

--------End       
    People getting on/off: 20/8
    Delayed on...
      Left Side: 
      Right Side: 


1) Show Gondola System
2) Add Car
3) Update with Debug Info
4) Set Station People
5) Show Station Details
0) Quit

Choice:> Time: 2.5 min
--------Start     
    Traveling Left: 
    Traveling Right: 
--------Station A Right: [ ID:4   0.5min 5/20 ](0)   
    Traveling Left: 
    Traveling Right: 
--------Station B 
    Traveling Left: 
    Traveling Right: 
--------End       


1) Show Gondola System
2) Add Car
3) Update with Debug Info
4) Set Station People
5) Show Station Details
0) Quit

Choice:> Time: 3.0 min
--------Start     
    Traveling Left: 
    Traveling Right: 
--------Station A 
    Traveling Left: 
    Traveling Right: [ ID:4   0.1 ]
--------Station B 
    Traveling Left: 
    Traveling Right: 
--------End       


1) Show Gondola System
2) Add Car
3) Update with Debug Info
4) Set Station People
5) Show Station Details
0) Quit

Choice:> Time: 3.5 min
--------Start     
    Traveling Left: 
    Traveling Right: 
--------Station A 
    Traveling Left: 
    Traveling Right: [ ID:4   0.2 ]
--------Station B 
    Traveling Left: 
    Traveling Right: 
--------End       


1) Show Gondola System
2) Add Car
3) Update with Debug Info
4) Set Station People
5) Show Station Details
0) Quit

Choice:> Time: 4.0 min
--------Start     
    Traveling Left: 
    Traveling Right: 
--------Station A 
    Traveling Left: 
    Traveling Right: 
--------Station B Right: [ ID:4   2.0min 10/20 ](0)   
    Traveling Left: 
    Traveling Right: 
--------End       


1) Show Gondola System
2) Add Car
3) Update with Debug Info
4) Set Station People
5) Show Station Details
0) Quit

Choice:> --------Start     
    People getting on/off: 0/4
    Delayed on...
      Left Side: 
      Right Side: 

--------Station A 
    People getting on/off: 5/3
    Delayed on...
      Left Side: 
      Right Side: 

--------Station B Right: [ ID:4   2.0min 10/20 ](0)   
    People getting on/off: 7/2
    Delayed on...
      Left Side: 
      Right Side: 

--------End       
    People getting on/off: 20/8
    Delayed on...
      Left Side: 
      Right Side: 


1) Show Gondola System
2) Add Car
3) Update with Debug Info
4) Set Station People
5) Show Station Details
0) Quit

Choice:> Time: 4.5 min
--------Start     
    Traveling Left: 
    Traveling Right: 
--------Station A 
    Traveling Left: 
    Traveling Right: 
--------Station B Right: [ ID:4   1.5min 10/20 ](0)   
    Traveling Left: 
    Traveling Right: 
--------End       


1) Show Gondola System
2) Add Car
3) Update with Debug Info
4) Set Station People
5) Show Station Details
0) Quit

Choice:> Time: 5.0 min
--------Start     
    Traveling Left: 
    Traveling Right: 
--------Station A 
    Traveling Left: 
    Traveling Right: 
--------Station B Right: [ ID:4   1.0min 10/20 ](0)   
    Traveling Left: 
    Traveling Right: 
--------End       


1) Show Gondola System
2) Add Car
3) Update with Debug Info
4) Set Station People
5) Show Station Details
0) Quit

Choice:> Time: 5.5 min
--------Start     
    Traveling Left: 
    Traveling Right: 
--------Station A 
    Traveling Left: 
    Traveling Right: 
--------Station B Right: [ ID:4   0.5min 10/20 ](0)   
    Traveling Left: 
    Traveling Right: 
--------End       


1) Show Gondola System
2) Add Car
3) Update with Debug Info
4) Set Station People
5) Show Station Details
0) Quit

Choice:> Time: 6.0 min
--------Start     
    Traveling Left: 
    Traveling Right: 
--------Station A 
    Traveling Left: 
    Traveling Right: 
--------Station B 
    Traveling Left: 
    Traveling Right: [ ID:4   0.1 ]
--------End       


1) Show Gondola System
2) Add Car
3) Update with Debug Info
4) Set Station People
5) Show Station Details
0) Quit

Choice:> Time: 6.5 min
--------Start     
    Traveling Left: 
    Traveling Right: 
--------Station A 
    Traveling Left: 
    Traveling Right: 
--------Station B 
    Traveling Left: 
    Traveling Right: [ ID:4   0.2 ]
--------End       


1) Show Gondola System
2) Add Car
3) Update with Debug Info
4) Set Station People
5) Show Station Details
0) Quit

Choice:> Time: 7.0 min
--------Start     
    Traveling Left: 
    Traveling Right: 
--------Station A 
    Traveling Left: 
    Traveling Right: 
--------Station B 
    Traveling Left: 
    Traveling Right: 
--------End       Right: [ ID:4   2.0min 20/20 ](0)   


1) Show Gondola System
2) Add Car
3) Update with Debug Info
4) Set Station People
5) Show Station Details
0) Quit

Choice:> --------Start     
    People getting on/off: 0/4
    Delayed on...
      Left Side: 
      Right Side: 

--------Station A 
    People getting on/off: 5/3
    Delayed on...
      Left Side: 
      Right Side: 

--------Station B 
    People getting on/off: 7/2
    Delayed on...
      Left Side: 
      Right Side: 

--------End       Right: [ ID:4   2.0min 20/20 ](0)   
    People getting on/off: 20/8
    Delayed on...
      Left Side: 
      Right Side: 


1) Show Gondola System
2) Add Car
3) Update with Debug Info
4) Set Station People
5) Show Station Details
0) Quit

Choice:> 