
1) Show Gondola System
2) Add Car
3) Update with Debug Info
4) Set Station People
5) Show Station Details
0) Quit

Choice:> [34m[01m5[0m
--------Start     
    People getting on/off: 0/0
    Delayed on...
      Left Side: 
      Right Side: 

--------Station A 
    People getting on/off: 0/0
    Delayed on...
      Left Side: 
      Right Side: 

--------Station B 
    People getting on/off: 0/0
    Delayed on...
      Left Side: 
      Right Side: 

--------End       
    People getting on/off: 0/0
    Delayed on...
      Left Side: 
      Right Side: 


1) Show Gondola System
2) Add Car
3) Update with Debug Info
4) Set Station People
5) Show Station Details
0) Quit

Choice:> [34m[01m4[0m
Start
    Getting on:> [34m[01m0[0m
    Getting off:> [34m[01m4[0m
Station A
    Getting on:> [34m[01m5[0m
    Getting off:> [34m[01m3[0m
Station B
    Getting on:> [34m[01m7[0m
    Getting off:> [34m[01m2[0m
End
    Getting on:> [34m[01m20[0m
    Getting off:> [34m[01m8[0m

1) Show Gondola System
2) Add Car
3) Update with Debug Info
4) Set Station People
5) Show Station Details
0) Quit

Choice:> [34m[01m5[0m
--------Start     
    People getting on/off: 0/4
    Delayed on...
      Left Side: 
      Right Side: 

--------Station A 
    People getting on/off: 5/3
    Delayed on...
      Left Side: 
      Right Side: 

--------Station B 
    People getting on/off: 7/2
    Delayed on...
      Left Side: 
      Right Side: 

--------End       
    People getting on/off: 20/8
    Delayed on...
      Left Side: 
      Right Side: 


1) Show Gondola System
2) Add Car
3) Update with Debug Info
4) Set Station People
5) Show Station Details
0) Quit

Choice:> [34m[01m2[0m
Which type: 0-->Short, 1-->Long, 2-->Adapting:> [34m[01m2[0m

1) Show Gondola System
2) Add Car
3) Update with Debug Info
4) Set Station People
5) Show Station Details
0) Quit

Choice:> [34m[01m3[0m
Time: 0.5 min
--------Start     Right: [ ID:4   0.5min 0/20 ](0)   
    Traveling Left: 
    Traveling Right: 
--------Station A 
    Traveling Left: 
    Traveling Right: 
--------Station B 
    Traveling Left: 
    Traveling Right: 
--------End       


1) Show Gondola System
2) Add Car
3) Update with Debug Info
4) Set Station People
5) Show Station Details
0) Quit

Choice:> [34m[01m3[0m
Time: 1.0 min
--------Start     
    Traveling Left: 
    Traveling Right: [ ID:4   0.1 ]
--------Station A 
    Traveling Left: 
    Traveling Right: 
--------Station B 
    Traveling Left: 
    Traveling Right: 
--------End       


1) Show Gondola System
2) Add Car
3) Update with Debug Info
4) Set Station People
5) Show Station Details
0) Quit

Choice:> [34m[01m5[0m
--------Start     
    People getting on/off: 0/4
    Delayed on...
      Left Side: 
      Right Side: 

--------Station A 
    People getting on/off: 5/3
    Delayed on...
      Left Side: 
      Right Side: 

--------Station B 
    People getting on/off: 7/2
    Delayed on...
      Left Side: 
      Right Side: 

--------End       
    People getting on/off: 20/8
    Delayed on...
      Left Side: 
      Right Side: 


1) Show Gondola System
2) Add Car
3) Update with Debug Info
4) Set Station People
5) Show Station Details
0) Quit

Choice:> [34m[01m3[0m
Time: 1.5 min
--------Start     
    Traveling Left: 
    Traveling Right: [ ID:4   0.2 ]
--------Station A 
    Traveling Left: 
    Traveling Right: 
--------Station B 
    Traveling Left: 
    Traveling Right: 
--------End       


1) Show Gondola System
2) Add Car
3) Update with Debug Info
4) Set Station People
5) Show Station Details
0) Quit

Choice:> [34m[01m3[0m
Time: 2.0 min
--------Start     
    Traveling Left: 
    Traveling Right: 
--------Station A Right: [ ID:4   1.0min 5/20 ](0)   
    Traveling Left: 
    Traveling Right: 
--------Station B 
    Traveling Left: 
    Traveling Right: 
--------End       


1) Show Gondola System
2) Add Car
3) Update with Debug Info
4) Set Station People
5) Show Station Details
0) Quit

Choice:> [34m[01m5[0m
--------Start     
    People getting on/off: 0/4
    Delayed on...
      Left Side: 
      Right Side: 

--------Station A Right: [ ID:4   1.0min 5/20 ](0)   
    People getting on/off: 5/3
    Delayed on...
      Left Side: 
      Right Side: 

--------Station B 
    People getting on/off: 7/2
    Delayed on...
      Left Side: 
      Right Side: 

--------End       
    People getting on/off: 20/8
    Delayed on...
      Left Side: 
      Right Side: 


1) Show Gondola System
2) Add Car
3) Update with Debug Info
4) Set Station People
5) Show Station Details
0) Quit

Choice:> [34m[01m3[0m
Time: 2.5 min
--------Start     
    Traveling Left: 
    Traveling Right: 
--------Station A Right: [ ID:4   0.5min 5/20 ](0)   
    Traveling Left: 
    Traveling Right: 
--------Station B 
    Traveling Left: 
    Traveling Right: 
--------End       


1) Show Gondola System
2) Add Car
3) Update with Debug Info
4) Set Station People
5) Show Station Details
0) Quit

Choice:> [34m[01m3[0m
Time: 3.0 min
--------Start     
    Traveling Left: 
    Traveling Right: 
--------Station A 
    Traveling Left: 
    Traveling Right: [ ID:4   0.1 ]
--------Station B 
    Traveling Left: 
    Traveling Right: 
--------End       


1) Show Gondola System
2) Add Car
3) Update with Debug Info
4) Set Station People
5) Show Station Details
0) Quit

Choice:> [34m[01m3[0m
Time: 3.5 min
--------Start     
    Traveling Left: 
    Traveling Right: 
--------Station A 
    Traveling Left: 
    Traveling Right: [ ID:4   0.2 ]
--------Station B 
    Traveling Left: 
    Traveling Right: 
--------End       


1) Show Gondola System
2) Add Car
3) Update with Debug Info
4) Set Station People
5) Show Station Details
0) Quit

Choice:> [34m[01m3[0m
Time: 4.0 min
--------Start     
    Traveling Left: 
    Traveling Right: 
--------Station A 
    Traveling Left: 
    Traveling Right: 
--------Station B Right: [ ID:4   2.0min 10/20 ](0)   
    Traveling Left: 
    Traveling Right: 
--------End       


1) Show Gondola System
2) Add Car
3) Update with Debug Info
4) Set Station People
5) Show Station Details
0) Quit

Choice:> [34m[01m5[0m
--------Start     
    People getting on/off: 0/4
    Delayed on...
      Left Side: 
      Right Side: 

--------Station A 
    People getting on/off: 5/3
    Delayed on...
      Left Side: 
      Right Side: 

--------Station B Right: [ ID:4   2.0min 10/20 ](0)   
    People getting on/off: 7/2
    Delayed on...
      Left Side: 
      Right Side: 

--------End       
    People getting on/off: 20/8
    Delayed on...
      Left Side: 
      Right Side: 


1) Show Gondola System
2) Add Car
3) Update with Debug Info
4) Set Station People
5) Show Station Details
0) Quit

Choice:> [34m[01m3[0m
Time: 4.5 min
--------Start     
    Traveling Left: 
    Traveling Right: 
--------Station A 
    Traveling Left: 
    Traveling Right: 
--------Station B Right: [ ID:4   1.5min 10/20 ](0)   
    Traveling Left: 
    Traveling Right: 
--------End       


1) Show Gondola System
2) Add Car
3) Update with Debug Info
4) Set Station People
5) Show Station Details
0) Quit

Choice:> [34m[01m3[0m
Time: 5.0 min
--------Start     
    Traveling Left: 
    Traveling Right: 
--------Station A 
    Traveling Left: 
    Traveling Right: 
--------Station B Right: [ ID:4   1.0min 10/20 ](0)   
    Traveling Left: 
    Traveling Right: 
--------End       


1) Show Gondola System
2) Add Car
3) Update with Debug Info
4) Set Station People
5) Show Station Details
0) Quit

Choice:> [34m[01m3[0m
Time: 5.5 min
--------Start     
    Traveling Left: 
    Traveling Right: 
--------Station A 
    Traveling Left: 
    Traveling Right: 
--------Station B Right: [ ID:4   0.5min 10/20 ](0)   
    Traveling Left: 
    Traveling Right: 
--------End       


1) Show Gondola System
2) Add Car
3) Update with Debug Info
4) Set Station People
5) Show Station Details
0) Quit

Choice:> [34m[01m3[0m
Time: 6.0 min
--------Start     
    Traveling Left: 
    Traveling Right: 
--------Station A 
    Traveling Left: 
    Traveling Right: 
--------Station B 
    Traveling Left: 
    Traveling Right: [ ID:4   0.1 ]
--------End       


1) Show Gondola System
2) Add Car
3) Update with Debug Info
4) Set Station People
5) Show Station Details
0) Quit

Choice:> [34m[01m3[0m
Time: 6.5 min
--------Start     
    Traveling Left: 
    Traveling Right: 
--------Station A 
    Traveling Left: 
    Traveling Right: 
--------Station B 
    Traveling Left: 
    Traveling Right: [ ID:4   0.2 ]
--------End       


1) Show Gondola System
2) Add Car
3) Update with Debug Info
4) Set Station People
5) Show Station Details
0) Quit

Choice:> [34m[01m3[0m
Time: 7.0 min
--------Start     
    Traveling Left: 
    Traveling Right: 
--------Station A 
    Traveling Left: 
    Traveling Right: 
--------Station B 
    Traveling Left: 
    Traveling Right: 
--------End       Right: [ ID:4   2.0min 20/20 ](0)   


1) Show Gondola System
2) Add Car
3) Update with Debug Info
4) Set Station People
5) Show Station Details
0) Quit

Choice:> [34m[01m5[0m
--------Start     
    People getting on/off: 0/4
    Delayed on...
      Left Side: 
      Right Side: 

--------Station A 
    People getting on/off: 5/3
    Delayed on...
      Left Side: 
      Right Side: 

--------Station B 
    People getting on/off: 7/2
    Delayed on...
      Left Side: 
      Right Side: 

--------End       Right: [ ID:4   2.0min 20/20 ](0)   
    People getting on/off: 20/8
    Delayed on...
      Left Side: 
      Right Side: 


1) Show Gondola System
2) Add Car
3) Update with Debug Info
4) Set Station People
5) Show Station Details
0) Quit

Choice:> [34m[01m0[0m
