
1) Show Gondola System
2) Add Car
3) Update with Debug Info
4) Set Station People
5) Show Station Details
0) Quit

Choice:> [34m[01m2[0m
Which type: 0-->Short, 1-->Long, 2-->Adapting:> [34m[01m0[0m

1) Show Gondola System
2) Add Car
3) Update with Debug Info
4) Set Station People
5) Show Station Details
0) Quit

Choice:> [34m[01m1[0m
Time: 0 min
--------Start     Right: [ ID:11  1.0min 0/20 ](0)
    Traveling Left: 
    Traveling Right: 
--------Station A 
    Traveling Left: 
    Traveling Right: 
--------Station B 
    Traveling Left: 
    Traveling Right: 
--------End       

1) Show Gondola System
2) Add Car
3) Update with Debug Info
4) Set Station People
5) Show Station Details
0) Quit

Choice:> [34m[01m3[0m
Time: 0.5 min
--------Start     Right: [ ID:11  0.5min 0/20 ](0)
    Traveling Left: 
    Traveling Right: 
--------Station A 
    Traveling Left: 
    Traveling Right: 
--------Station B 
    Traveling Left: 
    Traveling Right: 
--------End       

1) Show Gondola System
2) Add Car
3) Update with Debug Info
4) Set Station People
5) Show Station Details
0) Quit

Choice:> [34m[01m3[0m
Time: 1.0 min
--------Start     
    Traveling Left: 
    Traveling Right: [ ID:11  0.1 ]
--------Station A 
    Traveling Left: 
    Traveling Right: 
--------Station B 
    Traveling Left: 
    Traveling Right: 
--------End       

1) Show Gondola System
2) Add Car
3) Update with Debug Info
4) Set Station People
5) Show Station Details
0) Quit

Choice:> [34m[01m3[0m
Time: 1.5 min
--------Start     
    Traveling Left: 
    Traveling Right: [ ID:11  0.2 ]
--------Station A 
    Traveling Left: 
    Traveling Right: 
--------Station B 
    Traveling Left: 
    Traveling Right: 
--------End       

1) Show Gondola System
2) Add Car
3) Update with Debug Info
4) Set Station People
5) Show Station Details
0) Quit

Choice:> [34m[01m3[0m
Time: 2.0 min
--------Start     
    Traveling Left: 
    Traveling Right: 
--------Station A Right: [ ID:11  1.0min 0/20 ](0)
    Traveling Left: 
    Traveling Right: 
--------Station B 
    Traveling Left: 
    Traveling Right: 
--------End       

1) Show Gondola System
2) Add Car
3) Update with Debug Info
4) Set Station People
5) Show Station Details
0) Quit

Choice:> [34m[01m3[0m
Time: 2.5 min
--------Start     
    Traveling Left: 
    Traveling Right: 
--------Station A Right: [ ID:11  0.5min 0/20 ](0)
    Traveling Left: 
    Traveling Right: 
--------Station B 
    Traveling Left: 
    Traveling Right: 
--------End       

1) Show Gondola System
2) Add Car
3) Update with Debug Info
4) Set Station People
5) Show Station Details
0) Quit

Choice:> [34m[01m3[0m
Time: 3.0 min
--------Start     
    Traveling Left: 
    Traveling Right: 
--------Station A 
    Traveling Left: 
    Traveling Right: [ ID:11  0.1 ]
--------Station B 
    Traveling Left: 
    Traveling Right: 
--------End       

1) Show Gondola System
2) Add Car
3) Update with Debug Info
4) Set Station People
5) Show Station Details
0) Quit

Choice:> [34m[01m3[0m
Time: 3.5 min
--------Start     
    Traveling Left: 
    Traveling Right: 
--------Station A 
    Traveling Left: 
    Traveling Right: [ ID:11  0.2 ]
--------Station B 
    Traveling Left: 
    Traveling Right: 
--------End       

1) Show Gondola System
2) Add Car
3) Update with Debug Info
4) Set Station People
5) Show Station Details
0) Quit

Choice:> [34m[01m3[0m
Time: 4.0 min
--------Start     
    Traveling Left: 
    Traveling Right: 
--------Station A 
    Traveling Left: 
    Traveling Right: 
--------Station B Right: [ ID:11  1.0min 0/20 ](0)
    Traveling Left: 
    Traveling Right: 
--------End       

1) Show Gondola System
2) Add Car
3) Update with Debug Info
4) Set Station People
5) Show Station Details
0) Quit

Choice:> [34m[01m3[0m
Time: 4.5 min
--------Start     
    Traveling Left: 
    Traveling Right: 
--------Station A 
    Traveling Left: 
    Traveling Right: 
--------Station B Right: [ ID:11  0.5min 0/20 ](0)
    Traveling Left: 
    Traveling Right: 
--------End       

1) Show Gondola System
2) Add Car
3) Update with Debug Info
4) Set Station People
5) Show Station Details
0) Quit

Choice:> [34m[01m3[0m
Time: 5.0 min
--------Start     
    Traveling Left: 
    Traveling Right: 
--------Station A 
    Traveling Left: 
    Traveling Right: 
--------Station B 
    Traveling Left: 
    Traveling Right: [ ID:11  0.1 ]
--------End       

1) Show Gondola System
2) Add Car
3) Update with Debug Info
4) Set Station People
5) Show Station Details
0) Quit

Choice:> [34m[01m3[0m
Time: 5.5 min
--------Start     
    Traveling Left: 
    Traveling Right: 
--------Station A 
    Traveling Left: 
    Traveling Right: 
--------Station B 
    Traveling Left: 
    Traveling Right: [ ID:11  0.2 ]
--------End       

1) Show Gondola System
2) Add Car
3) Update with Debug Info
4) Set Station People
5) Show Station Details
0) Quit

Choice:> [34m[01m3[0m
Time: 6.0 min
--------Start     
    Traveling Left: 
    Traveling Right: 
--------Station A 
    Traveling Left: 
    Traveling Right: 
--------Station B 
    Traveling Left: 
    Traveling Right: 
--------End       Right: [ ID:11  1.0min 0/20 ](0)

1) Show Gondola System
2) Add Car
3) Update with Debug Info
4) Set Station People
5) Show Station Details
0) Quit

Choice:> [34m[01m3[0m
Time: 6.5 min
--------Start     
    Traveling Left: 
    Traveling Right: 
--------Station A 
    Traveling Left: 
    Traveling Right: 
--------Station B 
    Traveling Left: 
    Traveling Right: 
--------End       Right: [ ID:11  0.5min 0/20 ](0)

1) Show Gondola System
2) Add Car
3) Update with Debug Info
4) Set Station People
5) Show Station Details
0) Quit

Choice:> [34m[01m3[0m
Time: 7.0 min
--------Start     
    Traveling Left: 
    Traveling Right: 
--------Station A 
    Traveling Left: 
    Traveling Right: 
--------Station B 
    Traveling Left: [ ID:11  0.1 ]
    Traveling Right: 
--------End       

1) Show Gondola System
2) Add Car
3) Update with Debug Info
4) Set Station People
5) Show Station Details
0) Quit

Choice:> [34m[01m3[0m
Time: 7.5 min
--------Start     
    Traveling Left: 
    Traveling Right: 
--------Station A 
    Traveling Left: 
    Traveling Right: 
--------Station B 
    Traveling Left: [ ID:11  0.2 ]
    Traveling Right: 
--------End       

1) Show Gondola System
2) Add Car
3) Update with Debug Info
4) Set Station People
5) Show Station Details
0) Quit

Choice:> [34m[01m3[0m
Time: 8.0 min
--------Start     
    Traveling Left: 
    Traveling Right: 
--------Station A 
    Traveling Left: 
    Traveling Right: 
--------Station B Left: [ ID:11  1.0min 0/20 ](0)   
    Traveling Left: 
    Traveling Right: 
--------End       

1) Show Gondola System
2) Add Car
3) Update with Debug Info
4) Set Station People
5) Show Station Details
0) Quit

Choice:> [34m[01m3[0m
Time: 8.5 min
--------Start     
    Traveling Left: 
    Traveling Right: 
--------Station A 
    Traveling Left: 
    Traveling Right: 
--------Station B Left: [ ID:11  0.5min 0/20 ](0)   
    Traveling Left: 
    Traveling Right: 
--------End       

1) Show Gondola System
2) Add Car
3) Update with Debug Info
4) Set Station People
5) Show Station Details
0) Quit

Choice:> [34m[01m3[0m
Time: 9.0 min
--------Start     
    Traveling Left: 
    Traveling Right: 
--------Station A 
    Traveling Left: [ ID:11  0.1 ]
    Traveling Right: 
--------Station B 
    Traveling Left: 
    Traveling Right: 
--------End       

1) Show Gondola System
2) Add Car
3) Update with Debug Info
4) Set Station People
5) Show Station Details
0) Quit

Choice:> [34m[01m3[0m
Time: 9.5 min
--------Start     
    Traveling Left: 
    Traveling Right: 
--------Station A 
    Traveling Left: [ ID:11  0.2 ]
    Traveling Right: 
--------Station B 
    Traveling Left: 
    Traveling Right: 
--------End       

1) Show Gondola System
2) Add Car
3) Update with Debug Info
4) Set Station People
5) Show Station Details
0) Quit

Choice:> [34m[01m3[0m
Time: 10.0 min
--------Start     
    Traveling Left: 
    Traveling Right: 
--------Station A Left: [ ID:11  1.0min 0/20 ](0)   
    Traveling Left: 
    Traveling Right: 
--------Station B 
    Traveling Left: 
    Traveling Right: 
--------End       

1) Show Gondola System
2) Add Car
3) Update with Debug Info
4) Set Station People
5) Show Station Details
0) Quit

Choice:> [34m[01m3[0m
Time: 10.5 min
--------Start     
    Traveling Left: 
    Traveling Right: 
--------Station A Left: [ ID:11  0.5min 0/20 ](0)   
    Traveling Left: 
    Traveling Right: 
--------Station B 
    Traveling Left: 
    Traveling Right: 
--------End       

1) Show Gondola System
2) Add Car
3) Update with Debug Info
4) Set Station People
5) Show Station Details
0) Quit

Choice:> [34m[01m3[0m
Time: 11.0 min
--------Start     
    Traveling Left: [ ID:11  0.1 ]
    Traveling Right: 
--------Station A 
    Traveling Left: 
    Traveling Right: 
--------Station B 
    Traveling Left: 
    Traveling Right: 
--------End       

1) Show Gondola System
2) Add Car
3) Update with Debug Info
4) Set Station People
5) Show Station Details
0) Quit

Choice:> [34m[01m3[0m
Time: 11.5 min
--------Start     
    Traveling Left: [ ID:11  0.2 ]
    Traveling Right: 
--------Station A 
    Traveling Left: 
    Traveling Right: 
--------Station B 
    Traveling Left: 
    Traveling Right: 
--------End       

1) Show Gondola System
2) Add Car
3) Update with Debug Info
4) Set Station People
5) Show Station Details
0) Quit

Choice:> [34m[01m3[0m
Time: 12.0 min
--------Start     Left: [ ID:11  1.0min 0/20 ](0)   
    Traveling Left: 
    Traveling Right: 
--------Station A 
    Traveling Left: 
    Traveling Right: 
--------Station B 
    Traveling Left: 
    Traveling Right: 
--------End       

1) Show Gondola System
2) Add Car
3) Update with Debug Info
4) Set Station People
5) Show Station Details
0) Quit

Choice:> [34m[01m3[0m
Time: 12.5 min
--------Start     Left: [ ID:11  0.5min 0/20 ](0)   
    Traveling Left: 
    Traveling Right: 
--------Station A 
    Traveling Left: 
    Traveling Right: 
--------Station B 
    Traveling Left: 
    Traveling Right: 
--------End       

1) Show Gondola System
2) Add Car
3) Update with Debug Info
4) Set Station People
5) Show Station Details
0) Quit

Choice:> [34m[01m3[0m
Time: 13.0 min
--------Start     
    Traveling Left: 
    Traveling Right: [ ID:11  0.1 ]
--------Station A 
    Traveling Left: 
    Traveling Right: 
--------Station B 
    Traveling Left: 
    Traveling Right: 
--------End       

1) Show Gondola System
2) Add Car
3) Update with Debug Info
4) Set Station People
5) Show Station Details
0) Quit

Choice:> [34m[01m3[0m
Time: 13.5 min
--------Start     
    Traveling Left: 
    Traveling Right: [ ID:11  0.2 ]
--------Station A 
    Traveling Left: 
    Traveling Right: 
--------Station B 
    Traveling Left: 
    Traveling Right: 
--------End       

1) Show Gondola System
2) Add Car
3) Update with Debug Info
4) Set Station People
5) Show Station Details
0) Quit

Choice:> [34m[01m3[0m
Time: 14.0 min
--------Start     
    Traveling Left: 
    Traveling Right: 
--------Station A Right: [ ID:11  1.0min 0/20 ](0)
    Traveling Left: 
    Traveling Right: 
--------Station B 
    Traveling Left: 
    Traveling Right: 
--------End       

1) Show Gondola System
2) Add Car
3) Update with Debug Info
4) Set Station People
5) Show Station Details
0) Quit

Choice:> [34m[01m3[0m
Time: 14.5 min
--------Start     
    Traveling Left: 
    Traveling Right: 
--------Station A Right: [ ID:11  0.5min 0/20 ](0)
    Traveling Left: 
    Traveling Right: 
--------Station B 
    Traveling Left: 
    Traveling Right: 
--------End       

1) Show Gondola System
2) Add Car
3) Update with Debug Info
4) Set Station People
5) Show Station Details
0) Quit

Choice:> [34m[01m3[0m
Time: 15.0 min
--------Start     
    Traveling Left: 
    Traveling Right: 
--------Station A 
    Traveling Left: 
    Traveling Right: [ ID:11  0.1 ]
--------Station B 
    Traveling Left: 
    Traveling Right: 
--------End       

1) Show Gondola System
2) Add Car
3) Update with Debug Info
4) Set Station People
5) Show Station Details
0) Quit

Choice:> [34m[01m3[0m
Time: 15.5 min
--------Start     
    Traveling Left: 
    Traveling Right: 
--------Station A 
    Traveling Left: 
    Traveling Right: [ ID:11  0.2 ]
--------Station B 
    Traveling Left: 
    Traveling Right: 
--------End       

1) Show Gondola System
2) Add Car
3) Update with Debug Info
4) Set Station People
5) Show Station Details
0) Quit

Choice:> [34m[01m3[0m
Time: 16.0 min
--------Start     
    Traveling Left: 
    Traveling Right: 
--------Station A 
    Traveling Left: 
    Traveling Right: 
--------Station B Right: [ ID:11  1.0min 0/20 ](0)
    Traveling Left: 
    Traveling Right: 
--------End       

1) Show Gondola System
2) Add Car
3) Update with Debug Info
4) Set Station People
5) Show Station Details
0) Quit

Choice:> [34m[01m3[0m
Time: 16.5 min
--------Start     
    Traveling Left: 
    Traveling Right: 
--------Station A 
    Traveling Left: 
    Traveling Right: 
--------Station B Right: [ ID:11  0.5min 0/20 ](0)
    Traveling Left: 
    Traveling Right: 
--------End       

1) Show Gondola System
2) Add Car
3) Update with Debug Info
4) Set Station People
5) Show Station Details
0) Quit

Choice:> [34m[01m3[0m
Time: 17.0 min
--------Start     
    Traveling Left: 
    Traveling Right: 
--------Station A 
    Traveling Left: 
    Traveling Right: 
--------Station B 
    Traveling Left: 
    Traveling Right: [ ID:11  0.1 ]
--------End       

1) Show Gondola System
2) Add Car
3) Update with Debug Info
4) Set Station People
5) Show Station Details
0) Quit

Choice:> [34m[01m3[0m
Time: 17.5 min
--------Start     
    Traveling Left: 
    Traveling Right: 
--------Station A 
    Traveling Left: 
    Traveling Right: 
--------Station B 
    Traveling Left: 
    Traveling Right: [ ID:11  0.2 ]
--------End       

1) Show Gondola System
2) Add Car
3) Update with Debug Info
4) Set Station People
5) Show Station Details
0) Quit

Choice:> [34m[01m3[0m
Time: 18.0 min
--------Start     
    Traveling Left: 
    Traveling Right: 
--------Station A 
    Traveling Left: 
    Traveling Right: 
--------Station B 
    Traveling Left: 
    Traveling Right: 
--------End       Right: [ ID:11  1.0min 0/20 ](0)

1) Show Gondola System
2) Add Car
3) Update with Debug Info
4) Set Station People
5) Show Station Details
0) Quit

Choice:> [34m[01m3[0m
Time: 18.5 min
--------Start     
    Traveling Left: 
    Traveling Right: 
--------Station A 
    Traveling Left: 
    Traveling Right: 
--------Station B 
    Traveling Left: 
    Traveling Right: 
--------End       Right: [ ID:11  0.5min 0/20 ](0)

1) Show Gondola System
2) Add Car
3) Update with Debug Info
4) Set Station People
5) Show Station Details
0) Quit

Choice:> [34m[01m3[0m
Time: 19.0 min
--------Start     
    Traveling Left: 
    Traveling Right: 
--------Station A 
    Traveling Left: 
    Traveling Right: 
--------Station B 
    Traveling Left: [ ID:11  0.1 ]
    Traveling Right: 
--------End       

1) Show Gondola System
2) Add Car
3) Update with Debug Info
4) Set Station People
5) Show Station Details
0) Quit

Choice:> [34m[01m3[0m
Time: 19.5 min
--------Start     
    Traveling Left: 
    Traveling Right: 
--------Station A 
    Traveling Left: 
    Traveling Right: 
--------Station B 
    Traveling Left: [ ID:11  0.2 ]
    Traveling Right: 
--------End       

1) Show Gondola System
2) Add Car
3) Update with Debug Info
4) Set Station People
5) Show Station Details
0) Quit

Choice:> [34m[01m0[0m
