
1) Show Gondola System
2) Add Car
3) Update with Debug Info
4) Set Station People
5) Show Station Details
0) Quit

Choice:> [34m[01m2[0m
Which type: 0-->Short, 1-->Long, 2-->Adapting:> [34m[01m0[0m

1) Show Gondola System
2) Add Car
3) Update with Debug Info
4) Set Station People
5) Show Station Details
0) Quit

Choice:> [34m[01m1[0m
Time: 0 min
--------Start     Right: [ ID:12  1.0min 0/20 ](0)   
    Traveling Left: 
    Traveling Right: 
--------Station A 
    Traveling Left: 
    Traveling Right: 
--------Station B 
    Traveling Left: 
    Traveling Right: 
--------End       


1) Show Gondola System
2) Add Car
3) Update with Debug Info
4) Set Station People
5) Show Station Details
0) Quit

Choice:> [34m[01m3[0m
Time: 0.5 min
--------Start     Right: [ ID:12  0.5min 0/20 ](0)   
    Traveling Left: 
    Traveling Right: 
--------Station A 
    Traveling Left: 
    Traveling Right: 
--------Station B 
    Traveling Left: 
    Traveling Right: 
--------End       


1) Show Gondola System
2) Add Car
3) Update with Debug Info
4) Set Station People
5) Show Station Details
0) Quit

Choice:> [34m[01m3[0m
Time: 1.0 min
--------Start     
    Traveling Left: 
    Traveling Right: [ ID:12  0.1 ]
--------Station A 
    Traveling Left: 
    Traveling Right: 
--------Station B 
    Traveling Left: 
    Traveling Right: 
--------End       


1) Show Gondola System
2) Add Car
3) Update with Debug Info
4) Set Station People
5) Show Station Details
0) Quit

Choice:> [34m[01m3[0m
Time: 1.5 min
--------Start     
    Traveling Left: 
    Traveling Right: [ ID:12  0.2 ]
--------Station A 
    Traveling Left: 
    Traveling Right: 
--------Station B 
    Traveling Left: 
    Traveling Right: 
--------End       


1) Show Gondola System
2) Add Car
3) Update with Debug Info
4) Set Station People
5) Show Station Details
0) Quit

Choice:> [34m[01m3[0m
Time: 2.0 min
--------Start     
    Traveling Left: 
    Traveling Right: 
--------Station A Right: [ ID:12  1.0min 0/20 ](0)   
    Traveling Left: 
    Traveling Right: 
--------Station B 
    Traveling Left: 
    Traveling Right: 
--------End       


1) Show Gondola System
2) Add Car
3) Update with Debug Info
4) Set Station People
5) Show Station Details
0) Quit

Choice:> [34m[01m3[0m
Time: 2.5 min
--------Start     
    Traveling Left: 
    Traveling Right: 
--------Station A Right: [ ID:12  0.5min 0/20 ](0)   
    Traveling Left: 
    Traveling Right: 
--------Station B 
    Traveling Left: 
    Traveling Right: 
--------End       


1) Show Gondola System
2) Add Car
3) Update with Debug Info
4) Set Station People
5) Show Station Details
0) Quit

Choice:> [34m[01m5[0m
--------Start     
    People getting on/off: 0/0
    Delayed on...
      Left Side: 
      Right Side: 

--------Station A Right: [ ID:12  0.5min 0/20 ](0)   
    People getting on/off: 0/0
    Delayed on...
      Left Side: 
      Right Side: 

--------Station B 
    People getting on/off: 0/0
    Delayed on...
      Left Side: 
      Right Side: 

--------End       
    People getting on/off: 0/0
    Delayed on...
      Left Side: 
      Right Side: 


1) Show Gondola System
2) Add Car
3) Update with Debug Info
4) Set Station People
5) Show Station Details
0) Quit

Choice:> [34m[01m4[0m
Start
    Getting on:> [34m[01m4[0m
    Getting off:> [34m[01m20[0m
Station A
    Getting on:> [34m[01m5[0m
    Getting off:> [34m[01m2[0m
Station B
    Getting on:> [34m[01m8[0m
    Getting off:> [34m[01m3[0m
End
    Getting on:> [34m[01m12[0m
    Getting off:> [34m[01m3[0m

1) Show Gondola System
2) Add Car
3) Update with Debug Info
4) Set Station People
5) Show Station Details
0) Quit

Choice:> [34m[01m5[0m
--------Start     
    People getting on/off: 4/20
    Delayed on...
      Left Side: 
      Right Side: 

--------Station A Right: [ ID:12  0.5min 0/20 ](0)   
    People getting on/off: 5/2
    Delayed on...
      Left Side: 
      Right Side: 

--------Station B 
    People getting on/off: 8/3
    Delayed on...
      Left Side: 
      Right Side: 

--------End       
    People getting on/off: 12/3
    Delayed on...
      Left Side: 
      Right Side: 


1) Show Gondola System
2) Add Car
3) Update with Debug Info
4) Set Station People
5) Show Station Details
0) Quit

Choice:> [34m[01m3[0m
Time: 3.0 min
--------Start     
    Traveling Left: 
    Traveling Right: 
--------Station A 
    Traveling Left: 
    Traveling Right: [ ID:12  0.1 ]
--------Station B 
    Traveling Left: 
    Traveling Right: 
--------End       


1) Show Gondola System
2) Add Car
3) Update with Debug Info
4) Set Station People
5) Show Station Details
0) Quit

Choice:> [34m[01m3[0m
Time: 3.5 min
--------Start     
    Traveling Left: 
    Traveling Right: 
--------Station A 
    Traveling Left: 
    Traveling Right: [ ID:12  0.2 ]
--------Station B 
    Traveling Left: 
    Traveling Right: 
--------End       


1) Show Gondola System
2) Add Car
3) Update with Debug Info
4) Set Station People
5) Show Station Details
0) Quit

Choice:> [34m[01m3[0m
Time: 4.0 min
--------Start     
    Traveling Left: 
    Traveling Right: 
--------Station A 
    Traveling Left: 
    Traveling Right: 
--------Station B Right: [ ID:12  1.0min 8/20 ](0)   
    Traveling Left: 
    Traveling Right: 
--------End       


1) Show Gondola System
2) Add Car
3) Update with Debug Info
4) Set Station People
5) Show Station Details
0) Quit

Choice:> [34m[01m2[0m
Which type: 0-->Short, 1-->Long, 2-->Adapting:> [34m[01m0[0m

1) Show Gondola System
2) Add Car
3) Update with Debug Info
4) Set Station People
5) Show Station Details
0) Quit

Choice:> [34m[01m2[0m
Which type: 0-->Short, 1-->Long, 2-->Adapting:> [34m[01m1[0m

1) Show Gondola System
2) Add Car
3) Update with Debug Info
4) Set Station People
5) Show Station Details
0) Quit

Choice:> [34m[01m2[0m
Which type: 0-->Short, 1-->Long, 2-->Adapting:> [34m[01m0[0m

1) Show Gondola System
2) Add Car
3) Update with Debug Info
4) Set Station People
5) Show Station Details
0) Quit

Choice:> [34m[01m2[0m
Which type: 0-->Short, 1-->Long, 2-->Adapting:> [34m[01m2[0m

1) Show Gondola System
2) Add Car
3) Update with Debug Info
4) Set Station People
5) Show Station Details
0) Quit

Choice:> [34m[01m1[0m
Time: 4.0 min
--------Start     Right: [ ID:13  1.0min 4/20 ](3)   
    Traveling Left: 
    Traveling Right: 
--------Station A 
    Traveling Left: 
    Traveling Right: 
--------Station B Right: [ ID:12  1.0min 8/20 ](0)   
    Traveling Left: 
    Traveling Right: 
--------End       


1) Show Gondola System
2) Add Car
3) Update with Debug Info
4) Set Station People
5) Show Station Details
0) Quit

Choice:> [34m[01m5[0m
--------Start     Right: [ ID:13  1.0min 4/20 ](3)   
    People getting on/off: 4/20
    Delayed on...
      Left Side: [ ID:14  0.0 ] [ ID:15  0.0 ] [ ID:16  0.0 ] 
      Right Side: 

--------Station A 
    People getting on/off: 5/2
    Delayed on...
      Left Side: 
      Right Side: 

--------Station B Right: [ ID:12  1.0min 8/20 ](0)   
    People getting on/off: 8/3
    Delayed on...
      Left Side: 
      Right Side: 

--------End       
    People getting on/off: 12/3
    Delayed on...
      Left Side: 
      Right Side: 


1) Show Gondola System
2) Add Car
3) Update with Debug Info
4) Set Station People
5) Show Station Details
0) Quit

Choice:> [34m[01m3[0m
Time: 4.5 min
--------Start     Right: [ ID:13  0.5min 4/20 ](3)   
    Traveling Left: 
    Traveling Right: 
--------Station A 
    Traveling Left: 
    Traveling Right: 
--------Station B Right: [ ID:12  0.5min 8/20 ](0)   
    Traveling Left: 
    Traveling Right: 
--------End       


1) Show Gondola System
2) Add Car
3) Update with Debug Info
4) Set Station People
5) Show Station Details
0) Quit

Choice:> [34m[01m3[0m
Time: 5.0 min
--------Start     Right: [ ID:14  2.0min 4/20 ](2)   
    Traveling Left: 
    Traveling Right: [ ID:13  0.1 ]
--------Station A 
    Traveling Left: 
    Traveling Right: 
--------Station B 
    Traveling Left: 
    Traveling Right: [ ID:12  0.1 ]
--------End       


1) Show Gondola System
2) Add Car
3) Update with Debug Info
4) Set Station People
5) Show Station Details
0) Quit

Choice:> [34m[01m3[0m
Time: 5.5 min
--------Start     Right: [ ID:14  1.5min 4/20 ](2)   
    Traveling Left: 
    Traveling Right: [ ID:13  0.2 ]
--------Station A 
    Traveling Left: 
    Traveling Right: 
--------Station B 
    Traveling Left: 
    Traveling Right: [ ID:12  0.2 ]
--------End       


1) Show Gondola System
2) Add Car
3) Update with Debug Info
4) Set Station People
5) Show Station Details
0) Quit

Choice:> [34m[01m3[0m
Time: 6.0 min
--------Start     Right: [ ID:14  1.0min 4/20 ](2)   
    Traveling Left: 
    Traveling Right: 
--------Station A Right: [ ID:13  1.0min 7/20 ](0)   
    Traveling Left: 
    Traveling Right: 
--------Station B 
    Traveling Left: 
    Traveling Right: 
--------End       Right: [ ID:12  1.0min 17/20 ](0)   


1) Show Gondola System
2) Add Car
3) Update with Debug Info
4) Set Station People
5) Show Station Details
0) Quit

Choice:> [34m[01m3[0m
Time: 6.5 min
--------Start     Right: [ ID:14  0.5min 4/20 ](2)   
    Traveling Left: 
    Traveling Right: 
--------Station A Right: [ ID:13  0.5min 7/20 ](0)   
    Traveling Left: 
    Traveling Right: 
--------Station B 
    Traveling Left: 
    Traveling Right: 
--------End       Right: [ ID:12  0.5min 17/20 ](0)   


1) Show Gondola System
2) Add Car
3) Update with Debug Info
4) Set Station People
5) Show Station Details
0) Quit

Choice:> [34m[01m3[0m
Time: 7.0 min
--------Start     Right: [ ID:15  1.0min 4/20 ](1)   
    Traveling Left: 
    Traveling Right: [ ID:14  0.1 ]
--------Station A 
    Traveling Left: 
    Traveling Right: [ ID:13  0.1 ]
--------Station B 
    Traveling Left: [ ID:12  0.1 ]
    Traveling Right: 
--------End       


1) Show Gondola System
2) Add Car
3) Update with Debug Info
4) Set Station People
5) Show Station Details
0) Quit

Choice:> [34m[01m3[0m
Time: 7.5 min
--------Start     Right: [ ID:15  0.5min 4/20 ](1)   
    Traveling Left: 
    Traveling Right: [ ID:14  0.2 ]
--------Station A 
    Traveling Left: 
    Traveling Right: [ ID:13  0.2 ]
--------Station B 
    Traveling Left: [ ID:12  0.2 ]
    Traveling Right: 
--------End       


1) Show Gondola System
2) Add Car
3) Update with Debug Info
4) Set Station People
5) Show Station Details
0) Quit

Choice:> [34m[01m3[0m
Time: 8.0 min
--------Start     Right: [ ID:16  1.0min 4/20 ](0)   
    Traveling Left: 
    Traveling Right: [ ID:15  0.1 ]
--------Station A Right: [ ID:14  2.0min 7/20 ](0)   
    Traveling Left: 
    Traveling Right: 
--------Station B Left: [ ID:12  1.0min 20/20 ](0)   Right: [ ID:13  1.0min 12/20 ](0)   
    Traveling Left: 
    Traveling Right: 
--------End       


1) Show Gondola System
2) Add Car
3) Update with Debug Info
4) Set Station People
5) Show Station Details
0) Quit

Choice:> [34m[01m5[0m
--------Start     Right: [ ID:16  1.0min 4/20 ](0)   
    People getting on/off: 4/20
    Delayed on...
      Left Side: 
      Right Side: 

--------Station A Right: [ ID:14  2.0min 7/20 ](0)   
    People getting on/off: 5/2
    Delayed on...
      Left Side: 
      Right Side: 

--------Station B Left: [ ID:12  1.0min 20/20 ](0)   Right: [ ID:13  1.0min 12/20 ](0)   
    People getting on/off: 8/3
    Delayed on...
      Left Side: 
      Right Side: 

--------End       
    People getting on/off: 12/3
    Delayed on...
      Left Side: 
      Right Side: 


1) Show Gondola System
2) Add Car
3) Update with Debug Info
4) Set Station People
5) Show Station Details
0) Quit

Choice:> [34m[01m3[0m
Time: 8.5 min
--------Start     Right: [ ID:16  0.5min 4/20 ](0)   
    Traveling Left: 
    Traveling Right: [ ID:15  0.2 ]
--------Station A Right: [ ID:14  1.5min 7/20 ](0)   
    Traveling Left: 
    Traveling Right: 
--------Station B Left: [ ID:12  0.5min 20/20 ](0)   Right: [ ID:13  0.5min 12/20 ](0)   
    Traveling Left: 
    Traveling Right: 
--------End       


1) Show Gondola System
2) Add Car
3) Update with Debug Info
4) Set Station People
5) Show Station Details
0) Quit

Choice:> [34m[01m3[0m
Time: 9.0 min
--------Start     
    Traveling Left: 
    Traveling Right: [ ID:16  0.1 ]
--------Station A Right: [ ID:14  1.0min 7/20 ](1)   
    Traveling Left: [ ID:12  0.1 ]
    Traveling Right: 
--------Station B 
    Traveling Left: 
    Traveling Right: [ ID:13  0.1 ]
--------End       


1) Show Gondola System
2) Add Car
3) Update with Debug Info
4) Set Station People
5) Show Station Details
0) Quit

Choice:> [34m[01m3[0m
Time: 9.5 min
--------Start     
    Traveling Left: 
    Traveling Right: [ ID:16  0.2 ]
--------Station A Right: [ ID:14  0.5min 7/20 ](1)   
    Traveling Left: [ ID:12  0.2 ]
    Traveling Right: 
--------Station B 
    Traveling Left: 
    Traveling Right: [ ID:13  0.2 ]
--------End       


1) Show Gondola System
2) Add Car
3) Update with Debug Info
4) Set Station People
5) Show Station Details
0) Quit

Choice:> [34m[01m3[0m
Time: 10.0 min
--------Start     
    Traveling Left: 
    Traveling Right: 
--------Station A Left: [ ID:12  1.0min 20/20 ](0)   Right: [ ID:15  1.0min 7/20 ](1)   
    Traveling Left: 
    Traveling Right: [ ID:14  0.1 ]
--------Station B 
    Traveling Left: 
    Traveling Right: 
--------End       Right: [ ID:13  1.0min 20/20 ](0)   


1) Show Gondola System
2) Add Car
3) Update with Debug Info
4) Set Station People
5) Show Station Details
0) Quit

Choice:> [34m[01m3[0m
Time: 10.5 min
--------Start     
    Traveling Left: 
    Traveling Right: 
--------Station A Left: [ ID:12  0.5min 20/20 ](0)   Right: [ ID:15  0.5min 7/20 ](1)   
    Traveling Left: 
    Traveling Right: [ ID:14  0.2 ]
--------Station B 
    Traveling Left: 
    Traveling Right: 
--------End       Right: [ ID:13  0.5min 20/20 ](0)   


1) Show Gondola System
2) Add Car
3) Update with Debug Info
4) Set Station People
5) Show Station Details
0) Quit

Choice:> [34m[01m2[0m
Which type: 0-->Short, 1-->Long, 2-->Adapting:> [34m[01m2[0m

1) Show Gondola System
2) Add Car
3) Update with Debug Info
4) Set Station People
5) Show Station Details
0) Quit

Choice:> [34m[01m3[0m
Time: 11.0 min
--------Start     Right: [ ID:17  0.5min 4/20 ](0)   
    Traveling Left: [ ID:12  0.1 ]
    Traveling Right: 
--------Station A Right: [ ID:16  1.0min 7/20 ](0)   
    Traveling Left: 
    Traveling Right: [ ID:15  0.1 ]
--------Station B Right: [ ID:14  2.0min 12/20 ](0)   
    Traveling Left: [ ID:13  0.1 ]
    Traveling Right: 
--------End       


1) Show Gondola System
2) Add Car
3) Update with Debug Info
4) Set Station People
5) Show Station Details
0) Quit

Choice:> [34m[01m3[0m
Time: 11.5 min
--------Start     
    Traveling Left: [ ID:12  0.2 ]
    Traveling Right: [ ID:17  0.1 ]
--------Station A Right: [ ID:16  0.5min 7/20 ](0)   
    Traveling Left: 
    Traveling Right: [ ID:15  0.2 ]
--------Station B Right: [ ID:14  1.5min 12/20 ](0)   
    Traveling Left: [ ID:13  0.2 ]
    Traveling Right: 
--------End       


1) Show Gondola System
2) Add Car
3) Update with Debug Info
4) Set Station People
5) Show Station Details
0) Quit

Choice:> [34m[01m3[0m
Time: 12.0 min
--------Start     Left: [ ID:12  1.0min 4/20 ](0)   
    Traveling Left: 
    Traveling Right: [ ID:17  0.2 ]
--------Station A 
    Traveling Left: 
    Traveling Right: [ ID:16  0.1 ]
--------Station B Left: [ ID:13  1.0min 20/20 ](0)   Right: [ ID:14  1.0min 12/20 ](1)   
    Traveling Left: 
    Traveling Right: 
--------End       


1) Show Gondola System
2) Add Car
3) Update with Debug Info
4) Set Station People
5) Show Station Details
0) Quit

Choice:> [34m[01m3[0m
Time: 12.5 min
--------Start     Left: [ ID:12  0.5min 4/20 ](0)   
    Traveling Left: 
    Traveling Right: 
--------Station A Right: [ ID:17  1.0min 7/20 ](0)   
    Traveling Left: 
    Traveling Right: [ ID:16  0.2 ]
--------Station B Left: [ ID:13  0.5min 20/20 ](0)   Right: [ ID:14  0.5min 12/20 ](1)   
    Traveling Left: 
    Traveling Right: 
--------End       


1) Show Gondola System
2) Add Car
3) Update with Debug Info
4) Set Station People
5) Show Station Details
0) Quit

Choice:> [34m[01m3[0m
Time: 13.0 min
--------Start     
    Traveling Left: 
    Traveling Right: [ ID:12  0.1 ]
--------Station A Right: [ ID:17  0.5min 7/20 ](0)   
    Traveling Left: [ ID:13  0.1 ]
    Traveling Right: 
--------Station B Right: [ ID:15  1.0min 12/20 ](1)   
    Traveling Left: 
    Traveling Right: [ ID:14  0.1 ]
--------End       


1) Show Gondola System
2) Add Car
3) Update with Debug Info
4) Set Station People
5) Show Station Details
0) Quit

Choice:> [34m[01m3[0m
Time: 13.5 min
--------Start     
    Traveling Left: 
    Traveling Right: [ ID:12  0.2 ]
--------Station A 
    Traveling Left: [ ID:13  0.2 ]
    Traveling Right: [ ID:17  0.1 ]
--------Station B Right: [ ID:15  0.5min 12/20 ](1)   
    Traveling Left: 
    Traveling Right: [ ID:14  0.2 ]
--------End       


1) Show Gondola System
2) Add Car
3) Update with Debug Info
4) Set Station People
5) Show Station Details
0) Quit

Choice:> [34m[01m3[0m
Time: 14.0 min
--------Start     
    Traveling Left: 
    Traveling Right: 
--------Station A Left: [ ID:13  1.0min 20/20 ](0)   Right: [ ID:12  1.0min 7/20 ](0)   
    Traveling Left: 
    Traveling Right: [ ID:17  0.2 ]
--------Station B Right: [ ID:16  2.0min 12/20 ](0)   
    Traveling Left: 
    Traveling Right: [ ID:15  0.1 ]
--------End       Right: [ ID:14  2.0min 20/20 ](0)   


1) Show Gondola System
2) Add Car
3) Update with Debug Info
4) Set Station People
5) Show Station Details
0) Quit

Choice:> [34m[01m3[0m
Time: 14.5 min
--------Start     
    Traveling Left: 
    Traveling Right: 
--------Station A Left: [ ID:13  0.5min 20/20 ](0)   Right: [ ID:12  0.5min 7/20 ](0)   
    Traveling Left: 
    Traveling Right: 
--------Station B Right: [ ID:16  1.5min 12/20 ](1)   
    Traveling Left: 
    Traveling Right: [ ID:15  0.2 ]
--------End       Right: [ ID:14  1.5min 20/20 ](0)   


1) Show Gondola System
2) Add Car
3) Update with Debug Info
4) Set Station People
5) Show Station Details
0) Quit

Choice:> [34m[01m3[0m
Time: 15.0 min
--------Start     
    Traveling Left: [ ID:13  0.1 ]
    Traveling Right: 
--------Station A 
    Traveling Left: 
    Traveling Right: [ ID:12  0.1 ]
--------Station B Right: [ ID:16  1.0min 12/20 ](1)   
    Traveling Left: 
    Traveling Right: 
--------End       Right: [ ID:14  1.0min 20/20 ](1)   


1) Show Gondola System
2) Add Car
3) Update with Debug Info
4) Set Station People
5) Show Station Details
0) Quit

Choice:> [34m[01m3[0m
Time: 15.5 min
--------Start     
    Traveling Left: [ ID:13  0.2 ]
    Traveling Right: 
--------Station A 
    Traveling Left: 
    Traveling Right: [ ID:12  0.2 ]
--------Station B Right: [ ID:16  0.5min 12/20 ](1)   
    Traveling Left: 
    Traveling Right: 
--------End       Right: [ ID:14  0.5min 20/20 ](1)   


1) Show Gondola System
2) Add Car
3) Update with Debug Info
4) Set Station People
5) Show Station Details
0) Quit

Choice:> [34m[01m3[0m
Time: 16.0 min
--------Start     Left: [ ID:13  1.0min 4/20 ](0)   
    Traveling Left: 
    Traveling Right: 
--------Station A 
    Traveling Left: 
    Traveling Right: 
--------Station B Right: [ ID:17  2.0min 12/20 ](1)   
    Traveling Left: [ ID:14  0.1 ]
    Traveling Right: [ ID:16  0.1 ]
--------End       Right: [ ID:15  1.0min 20/20 ](0)   


1) Show Gondola System
2) Add Car
3) Update with Debug Info
4) Set Station People
5) Show Station Details
0) Quit

Choice:> [34m[01m3[0m
Time: 16.5 min
--------Start     Left: [ ID:13  0.5min 4/20 ](0)   
    Traveling Left: 
    Traveling Right: 
--------Station A 
    Traveling Left: 
    Traveling Right: 
--------Station B Right: [ ID:17  1.5min 12/20 ](1)   
    Traveling Left: [ ID:14  0.2 ]
    Traveling Right: [ ID:16  0.2 ]
--------End       Right: [ ID:15  0.5min 20/20 ](0)   


1) Show Gondola System
2) Add Car
3) Update with Debug Info
4) Set Station People
5) Show Station Details
0) Quit

Choice:> [34m[01m3[0m
Time: 17.0 min
--------Start     
    Traveling Left: 
    Traveling Right: [ ID:13  0.1 ]
--------Station A 
    Traveling Left: 
    Traveling Right: 
--------Station B Left: [ ID:14  2.0min 20/20 ](0)   Right: [ ID:17  1.0min 12/20 ](1)   
    Traveling Left: [ ID:15  0.1 ]
    Traveling Right: 
--------End       Right: [ ID:16  2.0min 20/20 ](0)   


1) Show Gondola System
2) Add Car
3) Update with Debug Info
4) Set Station People
5) Show Station Details
0) Quit

Choice:> [34m[01m3[0m
Time: 17.5 min
--------Start     
    Traveling Left: 
    Traveling Right: [ ID:13  0.2 ]
--------Station A 
    Traveling Left: 
    Traveling Right: 
--------Station B Left: [ ID:14  1.5min 20/20 ](0)   Right: [ ID:17  0.5min 12/20 ](1)   
    Traveling Left: [ ID:15  0.2 ]
    Traveling Right: 
--------End       Right: [ ID:16  1.5min 20/20 ](0)   


1) Show Gondola System
2) Add Car
3) Update with Debug Info
4) Set Station People
5) Show Station Details
0) Quit

Choice:> [34m[01m3[0m
Time: 18.0 min
--------Start     
    Traveling Left: 
    Traveling Right: 
--------Station A Right: [ ID:13  1.0min 7/20 ](0)   
    Traveling Left: 
    Traveling Right: 
--------Station B Left: [ ID:14  1.0min 20/20 ](1)   Right: [ ID:12  1.0min 12/20 ](0)   
    Traveling Left: 
    Traveling Right: [ ID:17  0.1 ]
--------End       Right: [ ID:16  1.0min 20/20 ](0)   


1) Show Gondola System
2) Add Car
3) Update with Debug Info
4) Set Station People
5) Show Station Details
0) Quit

Choice:> [34m[01m3[0m
Time: 18.5 min
--------Start     
    Traveling Left: 
    Traveling Right: 
--------Station A Right: [ ID:13  0.5min 7/20 ](0)   
    Traveling Left: 
    Traveling Right: 
--------Station B Left: [ ID:14  0.5min 20/20 ](1)   Right: [ ID:12  0.5min 12/20 ](0)   
    Traveling Left: 
    Traveling Right: [ ID:17  0.2 ]
--------End       Right: [ ID:16  0.5min 20/20 ](0)   


1) Show Gondola System
2) Add Car
3) Update with Debug Info
4) Set Station People
5) Show Station Details
0) Quit

Choice:> [34m[01m3[0m
Time: 19.0 min
--------Start     
    Traveling Left: 
    Traveling Right: 
--------Station A 
    Traveling Left: [ ID:14  0.1 ]
    Traveling Right: [ ID:13  0.1 ]
--------Station B Left: [ ID:15  1.0min 20/20 ](0)   
    Traveling Left: [ ID:16  0.1 ]
    Traveling Right: [ ID:12  0.1 ]
--------End       Right: [ ID:17  2.0min 20/20 ](0)   


1) Show Gondola System
2) Add Car
3) Update with Debug Info
4) Set Station People
5) Show Station Details
0) Quit

Choice:> [34m[01m0[0m
